Starting collection...
Collecting category: Movie
  Source index: 0
    Page 10 done...
    Page 20 done...
    Page 30 done...
    Page 40 done...
Starting collection...
Collecting category: Movie
  Source index: 0
    Processed 20 pages...
    Processed 40 pages...
    Processed 60 pages...
    Processed 80 pages...
    Processed 100 pages...
  Source index: 1
    Processed 20 pages...
    Processed 40 pages...
    Processed 60 pages...
    Processed 80 pages...
    Processed 100 pages...
  Source index: 2
    Processed 20 pages...
    Processed 40 pages...
    Processed 60 pages...
    Processed 80 pages...
    Processed 100 pages...
  Source index: 3
    Processed 20 pages...
    Processed 40 pages...
    Processed 60 pages...
    Processed 80 pages...
    Processed 100 pages...
Current unique items: 3
Collecting category: TV
  Source index: 0
    Processed 20 pages...
    Processed 40 pages...
    Processed 60 pages...
    Processed 80 pages...
    Processed 100 pages...
  Source index: 1
    Processed 20 pages...
    Processed 40 pages...
    Processed 60 pages...
    Processed 80 pages...
    Processed 100 pages...
  Source index: 2
    Processed 20 pages...
    Processed 40 pages...
    Processed 60 pages...
    Processed 80 pages...
    Processed 100 pages...
  Source index: 3
    Processed 20 pages...
    Processed 40 pages...
--- Starting New Collection ---
Processing category: Movie
  Source 0 (量子高清)
    Added 1 new unique items from this source.
  Source 1 (飞飞资源)
    Added 0 new unique items from this source.
  Source 2 (红牛专线)
    Added 2 new unique items from this source.
  Source 3 (索尼资源)
    Added 0 new unique items from this source.
Total unique items so far: 3
Processing category: TV
  Source 0 (量子高清)
    Added 3 new unique items from this source.
  Source 1 (飞飞资源)
--- Starting Full Collection (All Categories) ---
Processing Source 0: 量子高清
  Fetching pages 1 to 100...
    Added 2000 new unique items in this batch.
  Fetching pages 101 to 200...
    Added 2000 new unique items in this batch.
  Fetching pages 201 to 300...
    Added 2000 new unique items in this batch.
  Fetching pages 301 to 400...
    Added 2000 new unique items in this batch.
  Fetching pages 401 to 500...
    Added 2000 new unique items in this batch.
  Fetching pages 501 to 600...
    Added 2000 new unique items in this batch.
  Fetching pages 601 to 700...
    Added 2000 new unique items in this batch.
  Fetching pages 701 to 800...
    Added 2000 new unique items in this batch.
  Fetching pages 801 to 900...
    Added 2000 new unique items in this batch.
  Fetching pages 901 to 1000...
    Added 2000 new unique items in this batch.
Current total unique items: 20000
Processing Source 1: 飞飞资源
  Fetching pages 1 to 100...
    Added 0 new unique items in this batch.
  Fetching pages 101 to 200...
    Added 0 new unique items in this batch.
  Fetching pages 201 to 300...
    Added 0 new unique items in this batch.
  Fetching pages 301 to 400...
    Added 0 new unique items in this batch.
  Fetching pages 401 to 500...
    Added 0 new unique items in this batch.
  Fetching pages 501 to 600...
    Added 0 new unique items in this batch.
  Fetching pages 601 to 700...
    Added 0 new unique items in this batch.
  Fetching pages 701 to 800...
    Added 0 new unique items in this batch.
  Fetching pages 801 to 900...
    Added 0 new unique items in this batch.
  Fetching pages 901 to 1000...
    Added 0 new unique items in this batch.
Current total unique items: 20000
Processing Source 2: 红牛专线
  Fetching pages 1 to 100...
    Added 804 new unique items in this batch.
  Fetching pages 101 to 200...
    Added 920 new unique items in this batch.
  Fetching pages 201 to 300...
    Added 814 new unique items in this batch.
  Fetching pages 301 to 400...
    Added 900 new unique items in this batch.
  Fetching pages 401 to 500...
    Added 1101 new unique items in this batch.
  Fetching pages 501 to 600...
    Added 757 new unique items in this batch.
  Fetching pages 601 to 700...
    Added 1106 new unique items in this batch.
  Fetching pages 701 to 800...
    Added 1958 new unique items in this batch.
  Fetching pages 801 to 900...
    Added 1970 new unique items in this batch.
  Fetching pages 901 to 1000...
    Added 1967 new unique items in this batch.
Current total unique items: 32297
Processing Source 3: 索尼资源
  Fetching pages 1 to 100...
    Added 774 new unique items in this batch.
  Fetching pages 101 to 200...
    Added 1147 new unique items in this batch.
  Fetching pages 201 to 300...
    Added 832 new unique items in this batch.
  Fetching pages 301 to 400...
    Added 613 new unique items in this batch.
  Fetching pages 401 to 500...
    Added 604 new unique items in this batch.
  Fetching pages 501 to 600...
    Added 691 new unique items in this batch.
  Fetching pages 601 to 700...
    Added 751 new unique items in this batch.
  Fetching pages 701 to 800...
    Added 816 new unique items in this batch.
  Fetching pages 801 to 900...
    Added 920 new unique items in this batch.
  Fetching pages 901 to 1000...
    Added 1024 new unique items in this batch.
Current total unique items: 40469
Done! Final unique items: 40469
File saved to: public/sitemap_data.json
--- Starting Dynamic Collection ---
Processing Source: 量子高清
  Batch done. Added 2000 unique items.
  Batch done. Added 2000 unique items.
  Batch done. Added 2000 unique items.
  Batch done. Added 2000 unique items.
  Batch done. Added 2000 unique items.
  Batch done. Added 2000 unique items.
  Batch done. Added 2000 unique items.
  Batch done. Added 2000 unique items.
  Batch done. Added 2000 unique items.
  Batch done. Added 2000 unique items.
Current total unique items: 20000
Processing Source: 飞飞资源
  Batch done. Added 0 unique items.
  Batch done. Added 0 unique items.
  Batch done. Added 0 unique items.
  Batch done. Added 0 unique items.
  Batch done. Added 0 unique items.
  Batch done. Added 0 unique items.
  Batch done. Added 0 unique items.
  Batch done. Added 0 unique items.
  Batch done. Added 0 unique items.
  Batch done. Added 0 unique items.
Current total unique items: 20000
Processing Source: 红牛专线
  Batch done. Added 807 unique items.
  Batch done. Added 920 unique items.
  Batch done. Added 814 unique items.
  Batch done. Added 897 unique items.
  Batch done. Added 1102 unique items.
  Batch done. Added 760 unique items.
  Batch done. Added 1102 unique items.
  Batch done. Added 1958 unique items.
  Batch done. Added 1970 unique items.
  Batch done. Added 1968 unique items.
Current total unique items: 32298
Processing Source: 索尼资源
  Batch done. Added 770 unique items.
  Batch done. Added 1147 unique items.
  Batch done. Added 832 unique items.
  Batch done. Added 613 unique items.
  Batch done. Added 604 unique items.
  Batch done. Added 691 unique items.
  Batch done. Added 751 unique items.
  Batch done. Added 816 unique items.
  Batch done. Added 920 unique items.
  Batch done. Added 1024 unique items.
Current total unique items: 40466
Done! Final unique items: 40466
--- Starting Dynamic Collection ---
Processing Source: 量子高清
  Batch done. Added 2000 unique items.
  Batch done. Added 2000 unique items.
  Batch done. Added 2000 unique items.
  Batch done. Added 2000 unique items.
  Batch done. Added 2000 unique items.
  Batch done. Added 2000 unique items.
  Batch done. Added 2000 unique items.
  Batch done. Added 2000 unique items.
  Batch done. Added 2000 unique items.
  Batch done. Added 2000 unique items.
Current total unique items: 20000
Processing Source: 飞飞资源
  Batch done. Added 0 unique items.
  Batch done. Added 0 unique items.
  Batch done. Added 0 unique items.
  Batch done. Added 0 unique items.
  Batch done. Added 0 unique items.
  Batch done. Added 0 unique items.
  Batch done. Added 0 unique items.
  Batch done. Added 0 unique items.
  Batch done. Added 0 unique items.
  Batch done. Added 0 unique items.
Current total unique items: 20000
Processing Source: 红牛专线
  Batch done. Added 808 unique items.
  Batch done. Added 920 unique items.
  Batch done. Added 814 unique items.
  Batch done. Added 897 unique items.
  Batch done. Added 1101 unique items.
  Batch done. Added 761 unique items.
  Batch done. Added 1101 unique items.
  Batch done. Added 1958 unique items.
  Batch done. Added 1970 unique items.
  Batch done. Added 1968 unique items.
Current total unique items: 32298
Processing Source: 索尼资源
  Batch done. Added 769 unique items.
  Batch done. Added 1147 unique items.
  Batch done. Added 832 unique items.
  Batch done. Added 613 unique items.
  Batch done. Added 604 unique items.
  Batch done. Added 691 unique items.
  Batch done. Added 751 unique items.
  Batch done. Added 816 unique items.
  Batch done. Added 920 unique items.
  Batch done. Added 1024 unique items.
Current total unique items: 40465
Done! Final unique items: 40465
--- Starting Dynamic Collection ---
Processing Source: 量子高清
  Batch done. Added 2000 unique items.
  Batch done. Added 2000 unique items.
  Batch done. Added 2000 unique items.
  Batch done. Added 2000 unique items.
  Batch done. Added 2000 unique items.
  Batch done. Added 2000 unique items.
  Batch done. Added 2000 unique items.
  Batch done. Added 2000 unique items.
  Batch done. Added 2000 unique items.
  Batch done. Added 2000 unique items.
Current total unique items: 20000
Processing Source: 飞飞资源
  Batch done. Added 0 unique items.
  Batch done. Added 0 unique items.
  Batch done. Added 0 unique items.
  Batch done. Added 0 unique items.
  Batch done. Added 0 unique items.
  Batch done. Added 0 unique items.
  Batch done. Added 0 unique items.
  Batch done. Added 0 unique items.
  Batch done. Added 0 unique items.
  Batch done. Added 0 unique items.
Current total unique items: 20000
Processing Source: 红牛专线
  Batch done. Added 809 unique items.
  Batch done. Added 919 unique items.
  Batch done. Added 816 unique items.
  Batch done. Added 898 unique items.
  Batch done. Added 1100 unique items.
  Batch done. Added 762 unique items.
  Batch done. Added 1099 unique items.
  Batch done. Added 1958 unique items.
  Batch done. Added 1969 unique items.
  Batch done. Added 1968 unique items.
Current total unique items: 32298
Processing Source: 索尼资源
--- Starting Dynamic Collection ---
Processing Source: 量子高清
  Batch done. Added 2000 unique items.
  Batch done. Added 2000 unique items.
  Batch done. Added 2000 unique items.
  Batch done. Added 2000 unique items.
  Batch done. Added 2000 unique items.
  Batch done. Added 2000 unique items.
  Batch done. Added 2000 unique items.
  Batch done. Added 2000 unique items.
  Batch done. Added 2000 unique items.
  Batch done. Added 2000 unique items.
Current total unique items: 20000
Processing Source: 飞飞资源
  Batch done. Added 0 unique items.
  Batch done. Added 0 unique items.
  Batch done. Added 0 unique items.
  Batch done. Added 0 unique items.
  Batch done. Added 0 unique items.
  Batch done. Added 0 unique items.
  Batch done. Added 0 unique items.
  Batch done. Added 0 unique items.
  Batch done. Added 0 unique items.
  Batch done. Added 0 unique items.
Current total unique items: 20000
Processing Source: 红牛专线
  Batch done. Added 810 unique items.
  Batch done. Added 811 unique items.
  Batch done. Added 816 unique items.
  Batch done. Added 901 unique items.
  Batch done. Added 1099 unique items.
  Batch done. Added 761 unique items.
  Batch done. Added 1098 unique items.
  Batch done. Added 1958 unique items.
  Batch done. Added 1970 unique items.
  Batch done. Added 1967 unique items.
Current total unique items: 32191
Processing Source: 索尼资源
  Batch done. Added 772 unique items.
  Batch done. Added 1135 unique items.
  Batch done. Added 850 unique items.
  Batch done. Added 617 unique items.
  Batch done. Added 600 unique items.
  Batch done. Added 675 unique items.
  Batch done. Added 771 unique items.
  Batch done. Added 796 unique items.
  Batch done. Added 924 unique items.
  Batch done. Added 1017 unique items.
Current total unique items: 40348
Done! Final unique items: 40348
--- Starting Dynamic Collection ---
Processing Source: 量子高清
  Batch done. Added 2000 unique items.
  Batch done. Added 2000 unique items.
  Batch done. Added 2000 unique items.
  Batch done. Added 2000 unique items.
  Batch done. Added 2000 unique items.
  Batch done. Added 2000 unique items.
  Batch done. Added 2000 unique items.
  Batch done. Added 2000 unique items.
  Batch done. Added 2000 unique items.
  Batch done. Added 2000 unique items.
Current total unique items: 20000
Processing Source: 飞飞资源
  Batch done. Added 0 unique items.
  Batch done. Added 0 unique items.
  Batch done. Added 0 unique items.
  Batch done. Added 0 unique items.
  Batch done. Added 0 unique items.
  Batch done. Added 0 unique items.
  Batch done. Added 0 unique items.
  Batch done. Added 0 unique items.
  Batch done. Added 0 unique items.
  Batch done. Added 0 unique items.
Current total unique items: 20000
Processing Source: 红牛专线
  Batch done. Added 810 unique items.
  Batch done. Added 917 unique items.
  Batch done. Added 816 unique items.
  Batch done. Added 902 unique items.
  Batch done. Added 1099 unique items.
  Batch done. Added 761 unique items.
  Batch done. Added 1096 unique items.
  Batch done. Added 1958 unique items.
  Batch done. Added 1970 unique items.
  Batch done. Added 1967 unique items.
Current total unique items: 32296
Processing Source: 索尼资源
  Batch done. Added 772 unique items.
  Batch done. Added 1128 unique items.
  Batch done. Added 850 unique items.
  Batch done. Added 613 unique items.
  Batch done. Added 599 unique items.
  Batch done. Added 675 unique items.
  Batch done. Added 771 unique items.
  Batch done. Added 796 unique items.
  Batch done. Added 924 unique items.
  Batch done. Added 1017 unique items.
Current total unique items: 40441
Done! Final unique items: 40441
--- Starting Dynamic Collection ---
Processing Source: 量子高清
  Batch done. Added 2000 unique items.
  Batch done. Added 2000 unique items.
  Batch done. Added 2000 unique items.
  Batch done. Added 2000 unique items.
  Batch done. Added 2000 unique items.
  Batch done. Added 2000 unique items.
  Batch done. Added 2000 unique items.
  Batch done. Added 2000 unique items.
  Batch done. Added 2000 unique items.
  Batch done. Added 2000 unique items.
Current total unique items: 20000
Processing Source: 飞飞资源
  Batch done. Added 0 unique items.
  Batch done. Added 0 unique items.
  Batch done. Added 0 unique items.
  Batch done. Added 0 unique items.
  Batch done. Added 0 unique items.
  Batch done. Added 0 unique items.
  Batch done. Added 0 unique items.
  Batch done. Added 0 unique items.
  Batch done. Added 0 unique items.
  Batch done. Added 0 unique items.
Current total unique items: 20000
Processing Source: 红牛专线
  Batch done. Added 811 unique items.
  Batch done. Added 917 unique items.
  Batch done. Added 815 unique items.
  Batch done. Added 903 unique items.
  Batch done. Added 1098 unique items.
  Batch done. Added 762 unique items.
  Batch done. Added 1095 unique items.
  Batch done. Added 1958 unique items.
  Batch done. Added 1970 unique items.
  Batch done. Added 1968 unique items.
Current total unique items: 32297
Processing Source: 索尼资源
--- Starting Dynamic Collection ---
Processing Source: 量子高清
  Batch done. Added 2000 unique items.
  Batch done. Added 2000 unique items.
  Batch done. Added 2000 unique items.
  Batch done. Added 2000 unique items.
  Batch done. Added 2000 unique items.
  Batch done. Added 2000 unique items.
  Batch done. Added 2000 unique items.
  Batch done. Added 2000 unique items.
  Batch done. Added 2000 unique items.
  Batch done. Added 2000 unique items.
Current total unique items: 20000
Processing Source: 飞飞资源
  Batch done. Added 0 unique items.
  Batch done. Added 0 unique items.
  Batch done. Added 0 unique items.
  Batch done. Added 0 unique items.
  Batch done. Added 0 unique items.
  Batch done. Added 0 unique items.
  Batch done. Added 0 unique items.
  Batch done. Added 0 unique items.
  Batch done. Added 0 unique items.
  Batch done. Added 0 unique items.
Current total unique items: 20000
Processing Source: 红牛专线
  Batch done. Added 811 unique items.
  Batch done. Added 917 unique items.
  Batch done. Added 815 unique items.
  Batch done. Added 904 unique items.
  Batch done. Added 1098 unique items.
  Batch done. Added 760 unique items.
  Batch done. Added 1090 unique items.
  Batch done. Added 1958 unique items.
  Batch done. Added 1970 unique items.
  Batch done. Added 1968 unique items.
Current total unique items: 32291
Processing Source: 索尼资源
  Batch done. Added 791 unique items.
  Batch done. Added 1129 unique items.
  Batch done. Added 850 unique items.
--- Starting Dynamic Collection ---
Processing Source: 量子高清
  Batch done. Added 2000 unique items.
  Batch done. Added 2000 unique items.
  Batch done. Added 2000 unique items.
  Batch done. Added 2000 unique items.
  Batch done. Added 2000 unique items.
  Batch done. Added 2000 unique items.
  Batch done. Added 2000 unique items.
  Batch done. Added 2000 unique items.
  Batch done. Added 2000 unique items.
  Batch done. Added 2000 unique items.
Current total unique items: 20000
Processing Source: 飞飞资源
  Batch done. Added 0 unique items.
  Batch done. Added 0 unique items.
  Batch done. Added 0 unique items.
  Batch done. Added 0 unique items.
  Batch done. Added 0 unique items.
  Batch done. Added 0 unique items.
  Batch done. Added 0 unique items.
  Batch done. Added 0 unique items.
  Batch done. Added 0 unique items.
  Batch done. Added 0 unique items.
Current total unique items: 20000
Processing Source: 红牛专线
  Batch done. Added 815 unique items.
  Batch done. Added 913 unique items.
  Batch done. Added 820 unique items.
  Batch done. Added 905 unique items.
  Batch done. Added 1095 unique items.
  Batch done. Added 763 unique items.
  Batch done. Added 1090 unique items.
  Batch done. Added 1958 unique items.
  Batch done. Added 1970 unique items.
  Batch done. Added 1968 unique items.
Current total unique items: 32297
Processing Source: 索尼资源
  Batch done. Added 791 unique items.
  Batch done. Added 1129 unique items.
  Batch done. Added 850 unique items.
  Batch done. Added 613 unique items.
  Batch done. Added 599 unique items.
  Batch done. Added 675 unique items.
  Batch done. Added 771 unique items.
  Batch done. Added 796 unique items.
  Batch done. Added 924 unique items.
  Batch done. Added 1017 unique items.
Current total unique items: 40462
Done! Final unique items: 40462
--- Starting Dynamic Collection ---
Processing Source: 量子高清
  Batch done. Added 2000 unique items.
  Batch done. Added 2000 unique items.
  Batch done. Added 2000 unique items.
  Batch done. Added 2000 unique items.
  Batch done. Added 2000 unique items.
  Batch done. Added 2000 unique items.
  Batch done. Added 2000 unique items.
  Batch done. Added 2000 unique items.
  Batch done. Added 2000 unique items.
  Batch done. Added 2000 unique items.
Current total unique items: 20000
Processing Source: 飞飞资源
  Batch done. Added 0 unique items.
  Batch done. Added 0 unique items.
  Batch done. Added 0 unique items.
  Batch done. Added 0 unique items.
  Batch done. Added 0 unique items.
  Batch done. Added 0 unique items.
  Batch done. Added 0 unique items.
  Batch done. Added 0 unique items.
  Batch done. Added 0 unique items.
  Batch done. Added 0 unique items.
Current total unique items: 20000
Processing Source: 红牛专线
--- Starting Dynamic Collection ---
Processing Source: 量子高清
  Batch done. Added 2000 unique items.
  Batch done. Added 2000 unique items.
  Batch done. Added 2000 unique items.
  Batch done. Added 2000 unique items.
  Batch done. Added 2000 unique items.
  Batch done. Added 2000 unique items.
  Batch done. Added 2000 unique items.
  Batch done. Added 2000 unique items.
  Batch done. Added 2000 unique items.
  Batch done. Added 2000 unique items.
Current total unique items: 20000
Processing Source: 飞飞资源
  Batch done. Added 0 unique items.
  Batch done. Added 0 unique items.
  Batch done. Added 0 unique items.
  Batch done. Added 0 unique items.
  Batch done. Added 0 unique items.
  Batch done. Added 0 unique items.
  Batch done. Added 0 unique items.
  Batch done. Added 0 unique items.
  Batch done. Added 0 unique items.
  Batch done. Added 0 unique items.
Current total unique items: 20000
Processing Source: 红牛专线
  Batch done. Added 827 unique items.
  Batch done. Added 905 unique items.
  Batch done. Added 822 unique items.
  Batch done. Added 909 unique items.
  Batch done. Added 1090 unique items.
  Batch done. Added 767 unique items.
  Batch done. Added 1077 unique items.
  Batch done. Added 1957 unique items.
  Batch done. Added 1971 unique items.
  Batch done. Added 1967 unique items.
Current total unique items: 32292
Processing Source: 索尼资源
  Batch done. Added 786 unique items.
  Batch done. Added 1129 unique items.
  Batch done. Added 850 unique items.
  Batch done. Added 613 unique items.
  Batch done. Added 599 unique items.
  Batch done. Added 675 unique items.
  Batch done. Added 771 unique items.
  Batch done. Added 796 unique items.
  Batch done. Added 924 unique items.
  Batch done. Added 1017 unique items.
Current total unique items: 40452
Done! Final unique items: 40452
--- Starting Dynamic Collection ---
Processing Source: 量子高清
  Batch done. Added 2000 unique items.
  Batch done. Added 2000 unique items.
  Batch done. Added 2000 unique items.
  Batch done. Added 2000 unique items.
  Batch done. Added 2000 unique items.
  Batch done. Added 2000 unique items.
  Batch done. Added 2000 unique items.
  Batch done. Added 2000 unique items.
  Batch done. Added 2000 unique items.
  Batch done. Added 2000 unique items.
Current total unique items: 20000
Processing Source: 飞飞资源
  Batch done. Added 0 unique items.
  Batch done. Added 0 unique items.
  Batch done. Added 0 unique items.
  Batch done. Added 0 unique items.
  Batch done. Added 0 unique items.
  Batch done. Added 0 unique items.
  Batch done. Added 0 unique items.
  Batch done. Added 0 unique items.
  Batch done. Added 0 unique items.
  Batch done. Added 0 unique items.
Current total unique items: 20000
Processing Source: 红牛专线
  Batch done. Added 836 unique items.
  Batch done. Added 901 unique items.
  Batch done. Added 827 unique items.
  Batch done. Added 909 unique items.
  Batch done. Added 1088 unique items.
  Batch done. Added 766 unique items.
  Batch done. Added 1073 unique items.
  Batch done. Added 1957 unique items.
--- Starting Dynamic Collection ---
Processing Source: 量子高清
  Batch done. Added 2000 unique items.
  Batch done. Added 2000 unique items.
  Batch done. Added 2000 unique items.
  Batch done. Added 2000 unique items.
  Batch done. Added 2000 unique items.
  Batch done. Added 2000 unique items.
  Batch done. Added 2000 unique items.
  Batch done. Added 2000 unique items.
  Batch done. Added 2000 unique items.
  Batch done. Added 2000 unique items.
Current total unique items: 20000
Processing Source: 飞飞资源
  Batch done. Added 0 unique items.
  Batch done. Added 0 unique items.
  Batch done. Added 0 unique items.
  Batch done. Added 0 unique items.
  Batch done. Added 0 unique items.
  Batch done. Added 0 unique items.
  Batch done. Added 0 unique items.
  Batch done. Added 0 unique items.
  Batch done. Added 0 unique items.
  Batch done. Added 0 unique items.
Current total unique items: 20000
Processing Source: 红牛专线
  Batch done. Added 841 unique items.
  Batch done. Added 899 unique items.
  Batch done. Added 827 unique items.
  Batch done. Added 910 unique items.
  Batch done. Added 1089 unique items.
  Batch done. Added 766 unique items.
  Batch done. Added 1071 unique items.
  Batch done. Added 1957 unique items.
  Batch done. Added 1970 unique items.
  Batch done. Added 1967 unique items.
Current total unique items: 32297
Processing Source: 索尼资源
  Batch done. Added 782 unique items.
  Batch done. Added 1129 unique items.
  Batch done. Added 850 unique items.
  Batch done. Added 613 unique items.
  Batch done. Added 599 unique items.
  Batch done. Added 675 unique items.
  Batch done. Added 771 unique items.
  Batch done. Added 796 unique items.
--- Starting Dynamic Collection ---
Processing Source: 量子高清
  Batch done. Added 2000 unique items.
  Batch done. Added 2000 unique items.
  Batch done. Added 1980 unique items.
  Batch done. Added 2000 unique items.
  Batch done. Added 2000 unique items.
  Batch done. Added 2000 unique items.
  Batch done. Added 2000 unique items.
  Batch done. Added 2000 unique items.
  Batch done. Added 2000 unique items.
  Batch done. Added 2000 unique items.
Current total unique items: 19980
Processing Source: 飞飞资源
  Batch done. Added 0 unique items.
  Batch done. Added 0 unique items.
  Batch done. Added 0 unique items.
  Batch done. Added 0 unique items.
  Batch done. Added 0 unique items.
  Batch done. Added 0 unique items.
  Batch done. Added 0 unique items.
  Batch done. Added 0 unique items.
  Batch done. Added 0 unique items.
  Batch done. Added 0 unique items.
Current total unique items: 19980
Processing Source: 红牛专线
  Batch done. Added 845 unique items.
  Batch done. Added 899 unique items.
  Batch done. Added 829 unique items.
  Batch done. Added 909 unique items.
  Batch done. Added 1087 unique items.
  Batch done. Added 766 unique items.
  Batch done. Added 1069 unique items.
  Batch done. Added 1958 unique items.
  Batch done. Added 1969 unique items.
  Batch done. Added 1967 unique items.
Current total unique items: 32278
Processing Source: 索尼资源
  Batch done. Added 782 unique items.
  Batch done. Added 1132 unique items.
  Batch done. Added 850 unique items.
  Batch done. Added 613 unique items.
  Batch done. Added 599 unique items.
  Batch done. Added 675 unique items.
  Batch done. Added 771 unique items.
  Batch done. Added 796 unique items.
  Batch done. Added 924 unique items.
  Batch done. Added 1017 unique items.
Current total unique items: 40437
Done! Final unique items: 40437
--- Starting Dynamic Collection ---
Processing Source: 量子高清
  Batch done. Added 2000 unique items.
  Batch done. Added 2000 unique items.
  Batch done. Added 2000 unique items.
  Batch done. Added 2000 unique items.
  Batch done. Added 2000 unique items.
  Batch done. Added 2000 unique items.
  Batch done. Added 2000 unique items.
  Batch done. Added 2000 unique items.
  Batch done. Added 2000 unique items.
  Batch done. Added 2000 unique items.
Current total unique items: 20000
Processing Source: 飞飞资源
  Batch done. Added 0 unique items.
  Batch done. Added 0 unique items.
  Batch done. Added 0 unique items.
  Batch done. Added 0 unique items.
  Batch done. Added 0 unique items.
  Batch done. Added 0 unique items.
  Batch done. Added 0 unique items.
--- Starting Dynamic Collection ---
Processing Source: 量子高清
  Batch done. Added 0 unique items.
  Batch done. Added 0 unique items.
  Batch done. Added 2000 unique items.
  Batch done. Added 0 unique items.
Current total unique items: 20000
Processing Source: 红牛专线
  Batch done. Added 2000 unique items.
  Batch done. Added 848 unique items.
  Batch done. Added 2000 unique items.
  Batch done. Added 912 unique items.
  Batch done. Added 828 unique items.
  Batch done. Added 2000 unique items.
  Batch done. Added 903 unique items.
  Batch done. Added 2000 unique items.
  Batch done. Added 1087 unique items.
  Batch done. Added 2000 unique items.
  Batch done. Added 772 unique items.
  Batch done. Added 2000 unique items.
  Batch done. Added 1054 unique items.
  Batch done. Added 2000 unique items.
  Batch done. Added 1957 unique items.
  Batch done. Added 2000 unique items.
  Batch done. Added 1969 unique items.
  Batch done. Added 1968 unique items.
Current total unique items: 32298
Processing Source: 索尼资源
  Batch done. Added 2000 unique items.
Current total unique items: 20000
Processing Source: 飞飞资源
  Batch done. Added 0 unique items.
  Batch done. Added 785 unique items.
  Batch done. Added 0 unique items.
  Batch done. Added 1128 unique items.
  Batch done. Added 0 unique items.
  Batch done. Added 850 unique items.
  Batch done. Added 0 unique items.
  Batch done. Added 0 unique items.
  Batch done. Added 613 unique items.
  Batch done. Added 0 unique items.
  Batch done. Added 599 unique items.
  Batch done. Added 0 unique items.
  Batch done. Added 675 unique items.
  Batch done. Added 0 unique items.
  Batch done. Added 771 unique items.
  Batch done. Added 0 unique items.
  Batch done. Added 0 unique items.
  Batch done. Added 796 unique items.
Current total unique items: 20000
Processing Source: 红牛专线
  Batch done. Added 925 unique items.
  Batch done. Added 848 unique items.
  Batch done. Added 1017 unique items.
Current total unique items: 40457
Done! Final unique items: 40457
  Batch done. Added 913 unique items.
  Batch done. Added 828 unique items.
  Batch done. Added 903 unique items.
  Batch done. Added 1086 unique items.
  Batch done. Added 773 unique items.
  Batch done. Added 1053 unique items.
  Batch done. Added 1957 unique items.
  Batch done. Added 1969 unique items.
--- Starting Dynamic Collection ---
Processing Source: 量子高清
  Batch done. Added 2000 unique items.
  Batch done. Added 2000 unique items.
  Batch done. Added 2000 unique items.
  Batch done. Added 2000 unique items.
  Batch done. Added 2000 unique items.
  Batch done. Added 2000 unique items.
  Batch done. Added 2000 unique items.
  Batch done. Added 2000 unique items.
  Batch done. Added 2000 unique items.
  Batch done. Added 2000 unique items.
Current total unique items: 20000
Processing Source: 飞飞资源
  Batch done. Added 0 unique items.
  Batch done. Added 0 unique items.
  Batch done. Added 0 unique items.
  Batch done. Added 0 unique items.
  Batch done. Added 0 unique items.
  Batch done. Added 0 unique items.
  Batch done. Added 0 unique items.
  Batch done. Added 0 unique items.
  Batch done. Added 0 unique items.
  Batch done. Added 0 unique items.
Current total unique items: 20000
Processing Source: 红牛专线
  Batch done. Added 850 unique items.
  Batch done. Added 912 unique items.
  Batch done. Added 827 unique items.
  Batch done. Added 905 unique items.
  Batch done. Added 1086 unique items.
  Batch done. Added 773 unique items.
  Batch done. Added 1050 unique items.
  Batch done. Added 1957 unique items.
  Batch done. Added 1969 unique items.
  Batch done. Added 1968 unique items.
Current total unique items: 32297
Processing Source: 索尼资源
  Batch done. Added 782 unique items.
  Batch done. Added 1128 unique items.
  Batch done. Added 850 unique items.
  Batch done. Added 613 unique items.
  Batch done. Added 599 unique items.
  Batch done. Added 675 unique items.
  Batch done. Added 771 unique items.
  Batch done. Added 796 unique items.
  Batch done. Added 925 unique items.
  Batch done. Added 1017 unique items.
Current total unique items: 40453
Done! Final unique items: 40453
--- Starting Dynamic Collection ---
Processing Source: 量子高清
  Batch done. Added 2000 unique items.
  Batch done. Added 2000 unique items.
  Batch done. Added 2000 unique items.
  Batch done. Added 2000 unique items.
  Batch done. Added 2000 unique items.
  Batch done. Added 2000 unique items.
  Batch done. Added 2000 unique items.
  Batch done. Added 2000 unique items.
  Batch done. Added 2000 unique items.
  Batch done. Added 2000 unique items.
Current total unique items: 20000
Processing Source: 飞飞资源
  Batch done. Added 0 unique items.
  Batch done. Added 0 unique items.
  Batch done. Added 0 unique items.
  Batch done. Added 0 unique items.
  Batch done. Added 0 unique items.
  Batch done. Added 0 unique items.
  Batch done. Added 0 unique items.
  Batch done. Added 0 unique items.
  Batch done. Added 0 unique items.
  Batch done. Added 0 unique items.
Current total unique items: 20000
Processing Source: 红牛专线
  Batch done. Added 810 unique items.
  Batch done. Added 910 unique items.
  Batch done. Added 850 unique items.
  Batch done. Added 886 unique items.
  Batch done. Added 1112 unique items.
  Batch done. Added 772 unique items.
  Batch done. Added 1032 unique items.
  Batch done. Added 1957 unique items.
  Batch done. Added 1970 unique items.
  Batch done. Added 1969 unique items.
Current total unique items: 32268
Processing Source: 索尼资源
  Batch done. Added 788 unique items.
  Batch done. Added 1109 unique items.
  Batch done. Added 862 unique items.
  Batch done. Added 639 unique items.
  Batch done. Added 579 unique items.
  Batch done. Added 689 unique items.
  Batch done. Added 760 unique items.
  Batch done. Added 777 unique items.
  Batch done. Added 950 unique items.
  Batch done. Added 969 unique items.
Current total unique items: 40390
Done! Final unique items: 40390
--- Starting Dynamic Collection ---
Processing Source: 量子高清
  Batch done. Added 2000 unique items.
  Batch done. Added 2000 unique items.
  Batch done. Added 2000 unique items.
  Batch done. Added 2000 unique items.
  Batch done. Added 2000 unique items.
  Batch done. Added 2000 unique items.
  Batch done. Added 2000 unique items.
  Batch done. Added 2000 unique items.
  Batch done. Added 2000 unique items.
  Batch done. Added 2000 unique items.
Current total unique items: 20000
Processing Source: 飞飞资源
  Batch done. Added 0 unique items.
  Batch done. Added 0 unique items.
  Batch done. Added 0 unique items.
  Batch done. Added 0 unique items.
  Batch done. Added 0 unique items.
  Batch done. Added 0 unique items.
  Batch done. Added 0 unique items.
  Batch done. Added 0 unique items.
  Batch done. Added 0 unique items.
  Batch done. Added 0 unique items.
Current total unique items: 20000
Processing Source: 红牛专线
  Batch done. Added 832 unique items.
  Batch done. Added 914 unique items.
  Batch done. Added 848 unique items.
  Batch done. Added 878 unique items.
  Batch done. Added 1112 unique items.
  Batch done. Added 778 unique items.
  Batch done. Added 1011 unique items.
  Batch done. Added 1956 unique items.
  Batch done. Added 1970 unique items.
  Batch done. Added 1968 unique items.
Current total unique items: 32267
Processing Source: 索尼资源
  Batch done. Added 757 unique items.
  Batch done. Added 1104 unique items.
  Batch done. Added 862 unique items.
  Batch done. Added 634 unique items.
  Batch done. Added 579 unique items.
  Batch done. Added 689 unique items.
  Batch done. Added 760 unique items.
  Batch done. Added 777 unique items.
  Batch done. Added 944 unique items.
  Batch done. Added 969 unique items.
Current total unique items: 40342
Done! Final unique items: 40342
--- Starting Dynamic Collection ---
Processing Source: 量子高清
  Batch done. Added 2000 unique items.
  Batch done. Added 2000 unique items.
  Batch done. Added 2000 unique items.
  Batch done. Added 2000 unique items.
  Batch done. Added 2000 unique items.
  Batch done. Added 2000 unique items.
  Batch done. Added 2000 unique items.
  Batch done. Added 2000 unique items.
  Batch done. Added 2000 unique items.
  Batch done. Added 2000 unique items.
Current total unique items: 20000
Processing Source: 卧龙资源
  Batch done. Added 701 unique items.
  Batch done. Added 524 unique items.
  Batch done. Added 828 unique items.
  Batch done. Added 1953 unique items.
  Batch done. Added 1935 unique items.
  Batch done. Added 1934 unique items.
  Batch done. Added 1927 unique items.
  Batch done. Added 1922 unique items.
  Batch done. Added 1936 unique items.
  Batch done. Added 1912 unique items.
Current total unique items: 35572
Processing Source: 虎牙资源
  Batch done. Added 618 unique items.
  Batch done. Added 520 unique items.
  Batch done. Added 488 unique items.
  Batch done. Added 711 unique items.
  Batch done. Added 472 unique items.
  Batch done. Added 93 unique items.
  Batch done. Added 228 unique items.
  Batch done. Added 638 unique items.
  Batch done. Added 694 unique items.
  Batch done. Added 485 unique items.
Current total unique items: 40519
Processing Source: 极速资源
  Batch done. Added 0 unique items.
  Batch done. Added 205 unique items.
  Batch done. Added 134 unique items.
  Batch done. Added 45 unique items.
  Batch done. Added 0 unique items.
  Batch done. Added 203 unique items.
  Batch done. Added 260 unique items.
  Batch done. Added 724 unique items.
  Batch done. Added 562 unique items.
  Batch done. Added 1170 unique items.
Current total unique items: 43822
Processing Source: 百度资源
  Batch done. Added 124 unique items.
  Batch done. Added 930 unique items.
  Batch done. Added 999 unique items.
  Batch done. Added 264 unique items.
  Batch done. Added 1075 unique items.
  Batch done. Added 1119 unique items.
  Batch done. Added 641 unique items.
  Batch done. Added 261 unique items.
  Batch done. Added 956 unique items.
  Batch done. Added 1036 unique items.
Current total unique items: 51227
Processing Source: 红牛专线
  Batch done. Added 127 unique items.
  Batch done. Added 119 unique items.
  Batch done. Added 171 unique items.
  Batch done. Added 64 unique items.
  Batch done. Added 406 unique items.
--- Starting Dynamic Collection ---
Processing Source: 量子高清
  Batch done. Added 315 unique items.
  Batch done. Added 1999 unique items.
  Batch done. Added 225 unique items.
  Batch done. Added 2000 unique items.
  Batch done. Added 645 unique items.
  Batch done. Added 2000 unique items.
  Batch done. Added 453 unique items.
  Batch done. Added 2000 unique items.
  Batch done. Added 715 unique items.
Current total unique items: 54467
Processing Source: 索尼资源
--- Starting Dynamic Collection ---
Processing Source: 量子高清
  Batch done. Added 2000 unique items.
  Batch done. Added 689 unique items.
  Batch done. Added 1999 unique items.
  Batch done. Added 1084 unique items.
  Batch done. Added 2000 unique items.
  Batch done. Added 829 unique items.
  Batch done. Added 2000 unique items.
  Batch done. Added 2000 unique items.
  Batch done. Added 600 unique items.
  Batch done. Added 2000 unique items.
  Batch done. Added 2000 unique items.
  Batch done. Added 549 unique items.
  Batch done. Added 2000 unique items.
  Batch done. Added 2000 unique items.
  Batch done. Added 616 unique items.
  Batch done. Added 2000 unique items.
  Batch done. Added 687 unique items.
  Batch done. Added 2000 unique items.
  Batch done. Added 2000 unique items.
  Batch done. Added 706 unique items.
  Batch done. Added 2000 unique items.
  Batch done. Added 827 unique items.
  Batch done. Added 2000 unique items.
  Batch done. Added 2000 unique items.
  Batch done. Added 785 unique items.
Current total unique items: 61839
Done! Final unique items: 61839
  Batch done. Added 2000 unique items.
  Batch done. Added 2000 unique items.
  Batch done. Added 2000 unique items.
  Batch done. Added 2000 unique items.
  Batch done. Added 2000 unique items.
  Batch done. Added 2000 unique items.
  Batch done. Added 2000 unique items.
  Batch done. Added 2000 unique items.
  Batch done. Added 2000 unique items.
  Batch done. Added 1999 unique items.
  Batch done. Added 2000 unique items.
  Batch done. Added 2000 unique items.
  Batch done. Added 2000 unique items.
  Batch done. Added 2000 unique items.
  Batch done. Added 2000 unique items.
  Batch done. Added 2000 unique items.
  Batch done. Added 2000 unique items.
  Batch done. Added 2000 unique items.
  Batch done. Added 1999 unique items.
  Batch done. Added 2000 unique items.
  Batch done. Added 2000 unique items.
  Batch done. Added 2000 unique items.
  Batch done. Added 2000 unique items.
  Batch done. Added 2000 unique items.
  Batch done. Added 2000 unique items.
  Batch done. Added 2000 unique items.
  Batch done. Added 2000 unique items.
  Batch done. Added 2000 unique items.
  Batch done. Added 2000 unique items.
  Batch done. Added 2000 unique items.
  Batch done. Added 2000 unique items.
  Batch done. Added 2000 unique items.
  Batch done. Added 2000 unique items.
  Batch done. Added 2000 unique items.
  Batch done. Added 2000 unique items.
  Batch done. Added 2000 unique items.
  Batch done. Added 2000 unique items.
  Batch done. Added 2000 unique items.
  Batch done. Added 2000 unique items.
  Batch done. Added 2000 unique items.
  Batch done. Added 2000 unique items.
  Batch done. Added 2000 unique items.
  Batch done. Added 2000 unique items.
  Batch done. Added 2000 unique items.
  Batch done. Added 2000 unique items.
  Batch done. Added 2000 unique items.
  Batch done. Added 2000 unique items.
  Batch done. Added 2000 unique items.
  Batch done. Added 2000 unique items.
  Batch done. Added 2000 unique items.
  Batch done. Added 2000 unique items.
  Batch done. Added 2000 unique items.
  Batch done. Added 2000 unique items.
  Batch done. Added 2000 unique items.
  Batch done. Added 2000 unique items.
  Batch done. Added 2000 unique items.
  Batch done. Added 2000 unique items.
  Batch done. Added 2000 unique items.
  Batch done. Added 2000 unique items.
  Batch done. Added 2000 unique items.
  Batch done. Added 2000 unique items.
  Batch done. Added 2000 unique items.
  Batch done. Added 2000 unique items.
  Batch done. Added 2000 unique items.
  Batch done. Added 2000 unique items.
  Batch done. Added 2000 unique items.
  Batch done. Added 2000 unique items.
  Batch done. Added 2000 unique items.
  Batch done. Added 2000 unique items.
  Batch done. Added 2000 unique items.
  Batch done. Added 2000 unique items.
  Batch done. Added 2000 unique items.
  Batch done. Added 2000 unique items.
  Batch done. Added 2000 unique items.
  Batch done. Added 2000 unique items.
  Batch done. Added 2000 unique items.
  Batch done. Added 2000 unique items.
Current total unique items: 99998
Processing Source: 卧龙资源
  Batch done. Added 633 unique items.
  Batch done. Added 2000 unique items.
  Batch done. Added 497 unique items.
  Batch done. Added 2000 unique items.
  Batch done. Added 759 unique items.
  Batch done. Added 2000 unique items.
  Batch done. Added 1430 unique items.
  Batch done. Added 1327 unique items.
  Batch done. Added 2000 unique items.
Current total unique items: 99998
Processing Source: 卧龙资源
  Batch done. Added 633 unique items.
  Batch done. Added 1460 unique items.
  Batch done. Added 497 unique items.
  Batch done. Added 1335 unique items.
  Batch done. Added 759 unique items.
  Batch done. Added 1059 unique items.
  Batch done. Added 1430 unique items.
  Batch done. Added 1326 unique items.
  Batch done. Added 1327 unique items.
  Batch done. Added 913 unique items.
  Batch done. Added 1440 unique items.
  Batch done. Added 993 unique items.
  Batch done. Added 1335 unique items.
  Batch done. Added 1312 unique items.
  Batch done. Added 1059 unique items.
  Batch done. Added 1543 unique items.
  Batch done. Added 1326 unique items.
  Batch done. Added 1497 unique items.
  Batch done. Added 913 unique items.
  Batch done. Added 1544 unique items.
  Batch done. Added 993 unique items.
  Batch done. Added 1649 unique items.
  Batch done. Added 1312 unique items.
  Batch done. Added 1380 unique items.
  Batch done. Added 1543 unique items.
  Batch done. Added 1632 unique items.
  Batch done. Added 1497 unique items.
  Batch done. Added 1550 unique items.
  Batch done. Added 1544 unique items.
  Batch done. Added 1642 unique items.
  Batch done. Added 1649 unique items.
  Batch done. Added 1539 unique items.
  Batch done. Added 1380 unique items.
  Batch done. Added 1713 unique items.
  Batch done. Added 1632 unique items.
  Batch done. Added 1609 unique items.
  Batch done. Added 1550 unique items.
  Batch done. Added 1534 unique items.
  Batch done. Added 1642 unique items.
  Batch done. Added 1539 unique items.
  Batch done. Added 1713 unique items.
  Batch done. Added 1609 unique items.
  Batch done. Added 1534 unique items.
  Batch done. Added 1480 unique items.
--- Starting Dynamic Collection ---
Processing Source: 量子高清
  Batch done. Added 1500 unique items.
  Batch done. Added 260 unique items.
  Batch done. Added 440 unique items.
--- Starting Dynamic Collection ---
Processing Source: 量子高清
  Batch done. Added 1980 unique items.
  Batch done. Added 2000 unique items.
  Batch done. Added 1960 unique items.
  Batch done. Added 1800 unique items.
  Batch done. Added 1980 unique items.
  Batch done. Added 1920 unique items.
  Batch done. Added 1760 unique items.
  Batch done. Added 1720 unique items.
  Batch done. Added 1820 unique items.
  Batch done. Added 1880 unique items.
  Batch done. Added 2000 unique items.
  Batch done. Added 2000 unique items.
  Batch done. Added 2000 unique items.
  Batch done. Added 1980 unique items.
  Batch done. Added 1980 unique items.
  Batch done. Added 2000 unique items.
  Batch done. Added 2000 unique items.
  Batch done. Added 1980 unique items.
  Batch done. Added 1960 unique items.
  Batch done. Added 1960 unique items.
  Batch done. Added 1920 unique items.
--- Starting Dynamic Collection ---
Processing Source: 量子高清
  Batch done. Added 1580 unique items.
  Batch done. Added 1700 unique items.
  Batch done. Added 1580 unique items.
  Batch done. Added 1760 unique items.
  Batch done. Added 2000 unique items.
  Batch done. Added 1980 unique items.
  Batch done. Added 1740 unique items.
  Batch done. Added 1600 unique items.
  Batch done. Added 1940 unique items.
  Batch done. Added 1640 unique items.
  Batch done. Added 2000 unique items.
  Batch done. Added 1980 unique items.
  Batch done. Added 2000 unique items.
  Batch done. Added 1920 unique items.
--- Starting Dynamic Collection ---
Processing Source: 量子高清
  Batch done. Added 1820 unique items.
  Batch done. Added 1980 unique items.
  Batch done. Added 1960 unique items.
  Batch done. Added 1920 unique items.
  Batch done. Added 1980 unique items.
=== Periodic Collection Started (Every 6h) ===
--- Starting Dynamic Collection ---
Processing Source: 量子高清
  Batch done. Added 1920 unique items.
  Batch done. Added 1920 unique items.
  Batch done. Added 960 unique items.
  Batch done. Added 1060 unique items.
  Batch done. Added 2000 unique items.
  Batch done. Added 1940 unique items.
  Batch done. Added 2000 unique items.
  Batch done. Added 1980 unique items.
  Batch done. Added 1980 unique items.
  Batch done. Added 1940 unique items.
  Batch done. Added 1940 unique items.
  Batch done. Added 1980 unique items.
  Batch done. Added 2000 unique items.
  Batch done. Added 1880 unique items.
  Batch done. Added 2000 unique items.
  Batch done. Added 1980 unique items.
  Batch done. Added 1680 unique items.
  Batch done. Added 1180 unique items.
  Batch done. Added 2000 unique items.
  Batch done. Added 1980 unique items.
  Batch done. Added 1960 unique items.
  Batch done. Added 1960 unique items.
  Batch done. Added 1980 unique items.
  Batch done. Added 2000 unique items.
  Batch done. Added 1960 unique items.
  Batch done. Added 1900 unique items.
  Batch done. Added 2000 unique items.
  Batch done. Added 1840 unique items.
  Batch done. Added 2000 unique items.
  Batch done. Added 1980 unique items.
  Batch done. Added 1960 unique items.
  Batch done. Added 1980 unique items.
  Batch done. Added 1780 unique items.
  Batch done. Added 1980 unique items.
  Batch done. Added 1900 unique items.
  Batch done. Added 2000 unique items.
  Batch done. Added 1880 unique items.
  Batch done. Added 2000 unique items.
  Batch done. Added 1980 unique items.
  Batch done. Added 1680 unique items.
  Batch done. Added 1820 unique items.
  Batch done. Added 2000 unique items.
  Batch done. Added 1999 unique items.
  Batch done. Added 1999 unique items.
  Batch done. Added 1520 unique items.
  Batch done. Added 2000 unique items.
  Batch done. Added 2000 unique items.
  Batch done. Added 1900 unique items.
  Batch done. Added 2000 unique items.
  Batch done. Added 2000 unique items.
Current total unique items: 94278
Processing Source: 卧龙资源
  Batch done. Added 923 unique items.
  Batch done. Added 665 unique items.
  Batch done. Added 747 unique items.
  Batch done. Added 1446 unique items.
  Batch done. Added 1342 unique items.
  Batch done. Added 1472 unique items.
  Batch done. Added 1393 unique items.
  Batch done. Added 1122 unique items.
  Batch done. Added 1348 unique items.
  Batch done. Added 931 unique items.
  Batch done. Added 1027 unique items.
  Batch done. Added 1340 unique items.
  Batch done. Added 1560 unique items.
  Batch done. Added 1528 unique items.
  Batch done. Added 1575 unique items.
  Batch done. Added 1693 unique items.
  Batch done. Added 1405 unique items.
  Batch done. Added 1648 unique items.
  Batch done. Added 1565 unique items.
  Batch done. Added 1665 unique items.
  Batch done. Added 1549 unique items.
  Batch done. Added 1716 unique items.
  Batch done. Added 1632 unique items.
  Batch done. Added 1549 unique items.
  Batch done. Added 1516 unique items.
  Batch done. Added 1539 unique items.
  Batch done. Added 1527 unique items.
  Batch done. Added 1581 unique items.
  Batch done. Added 1648 unique items.
  Batch done. Added 1611 unique items.
  Batch done. Added 1659 unique items.
  Batch done. Added 1615 unique items.
  Batch done. Added 1633 unique items.
  Batch done. Added 1650 unique items.
  Batch done. Added 1558 unique items.
  Batch done. Added 1805 unique items.
  Batch done. Added 1640 unique items.
  Batch done. Added 1988 unique items.
  Batch done. Added 1829 unique items.
  Batch done. Added 1689 unique items.
  Batch done. Added 1678 unique items.
  Batch done. Added 1615 unique items.
  Batch done. Added 0 unique items.
  Batch done. Added 0 unique items.
  Batch done. Added 0 unique items.
  Batch done. Added 0 unique items.
  Batch done. Added 0 unique items.
  Batch done. Added 0 unique items.
  Batch done. Added 0 unique items.
  Batch done. Added 0 unique items.
Current total unique items: 156900
Processing Source: 虎牙资源
  Batch done. Added 593 unique items.
  Batch done. Added 662 unique items.
  Batch done. Added 543 unique items.
  Batch done. Added 294 unique items.
  Batch done. Added 408 unique items.
  Batch done. Added 301 unique items.
  Batch done. Added 267 unique items.
  Batch done. Added 663 unique items.
  Batch done. Added 472 unique items.
  Batch done. Added 712 unique items.
  Batch done. Added 570 unique items.
  Batch done. Added 346 unique items.
  Batch done. Added 722 unique items.
  Batch done. Added 585 unique items.
  Batch done. Added 350 unique items.
  Batch done. Added 530 unique items.
  Batch done. Added 721 unique items.
  Batch done. Added 522 unique items.
  Batch done. Added 617 unique items.
  Batch done. Added 625 unique items.
  Batch done. Added 905 unique items.
  Batch done. Added 503 unique items.
  Batch done. Added 1203 unique items.
  Batch done. Added 1290 unique items.
  Batch done. Added 1379 unique items.
  Batch done. Added 955 unique items.
  Batch done. Added 712 unique items.
  Batch done. Added 700 unique items.
  Batch done. Added 743 unique items.
  Batch done. Added 488 unique items.
  Batch done. Added 821 unique items.
  Batch done. Added 879 unique items.
  Batch done. Added 927 unique items.
  Batch done. Added 896 unique items.
  Batch done. Added 1111 unique items.
  Batch done. Added 1023 unique items.
  Batch done. Added 988 unique items.
  Batch done. Added 811 unique items.
  Batch done. Added 843 unique items.
  Batch done. Added 847 unique items.
  Batch done. Added 1072 unique items.
  Batch done. Added 871 unique items.
  Batch done. Added 683 unique items.
  Batch done. Added 567 unique items.
  Batch done. Added 694 unique items.
  Batch done. Added 713 unique items.
  Batch done. Added 1092 unique items.
  Batch done. Added 107 unique items.
  Batch done. Added 0 unique items.
  Batch done. Added 0 unique items.
Current total unique items: 191226
Processing Source: 极速资源
  Batch done. Added 12 unique items.
  Batch done. Added 17 unique items.
  Batch done. Added 150 unique items.
  Batch done. Added 33 unique items.
  Batch done. Added 49 unique items.
  Batch done. Added 114 unique items.
  Batch done. Added 23 unique items.
  Batch done. Added 11 unique items.
  Batch done. Added 1 unique items.
  Batch done. Added 130 unique items.
  Batch done. Added 17 unique items.
  Batch done. Added 17 unique items.
  Batch done. Added 143 unique items.
  Batch done. Added 39 unique items.
  Batch done. Added 398 unique items.
  Batch done. Added 81 unique items.
  Batch done. Added 518 unique items.
  Batch done. Added 173 unique items.
  Batch done. Added 109 unique items.
  Batch done. Added 30 unique items.
  Batch done. Added 787 unique items.
  Batch done. Added 319 unique items.
  Batch done. Added 362 unique items.
  Batch done. Added 735 unique items.
  Batch done. Added 567 unique items.
  Batch done. Added 534 unique items.
  Batch done. Added 624 unique items.
  Batch done. Added 394 unique items.
  Batch done. Added 27 unique items.
  Batch done. Added 7 unique items.
  Batch done. Added 15 unique items.
  Batch done. Added 22 unique items.
  Batch done. Added 11 unique items.
  Batch done. Added 20 unique items.
  Batch done. Added 51 unique items.
  Batch done. Added 29 unique items.
  Batch done. Added 2 unique items.
  Batch done. Added 139 unique items.
  Batch done. Added 20 unique items.
  Batch done. Added 2 unique items.
  Batch done. Added 49 unique items.
  Batch done. Added 10 unique items.
  Batch done. Added 74 unique items.
  Batch done. Added 10 unique items.
  Batch done. Added 7 unique items.
  Batch done. Added 9 unique items.
  Batch done. Added 8 unique items.
